# JRE version: Java(TM) SE Runtime Environment (8.0_60-b27) (build 1.8.0_60-b27)
# Java VM: Java HotSpot(TM) 64-Bit Server VM (25.60-b23 mixed mode windows-amd64 compressed oops)
Heap:
 PSYoungGen      total 458752K, used 262136K [0x00000000e0000000, 0x0000000100000000, 0x0000000100000000)
  eden space 389632K, 67% used [0x00000000e0000000,0x00000000efffe2c0,0x00000000f7c80000)
  from space 69120K, 0% used [0x00000000fbc80000,0x00000000fbc80000,0x0000000100000000)
  to   space 65536K, 0% used [0x00000000f7c80000,0x00000000f7c80000,0x00000000fbc80000)
 ParOldGen       total 400896K, used 101512K [0x00000000a0000000, 0x00000000b8780000, 0x00000000e0000000)
  object space 400896K, 25% used [0x00000000a0000000,0x00000000a6322100,0x00000000b8780000)
 Metaspace       used 83889K, capacity 91000K, committed 94080K, reserved 1130496K
  class space    used 10704K, capacity 11533K, committed 12160K, reserved 1048576K
GC Heap History (10 events):
Event: 9807.470 GC heap before
{Heap before GC invocations=94 (full 16):
 PSYoungGen      total 376832K, used 374272K [0x00000000e0000000, 0x00000000ffc80000, 0x0000000100000000)
  eden space 374272K, 100% used [0x00000000e0000000,0x00000000f6d80000,0x00000000f6d80000)
  from space 2560K, 0% used [0x00000000f6d80000,0x00000000f6d80000,0x00000000f7000000)
  to   space 73216K, 0% used [0x00000000fb500000,0x00000000fb500000,0x00000000ffc80000)
 ParOldGen       total 400896K, used 168574K [0x00000000a0000000, 0x00000000b8780000, 0x00000000e0000000)
  object space 400896K, 42% used [0x00000000a0000000,0x00000000aa49fa58,0x00000000b8780000)
 Metaspace       used 85222K, capacity 92654K, committed 93184K, reserved 1130496K
  class space    used 10935K, capacity 11860K, committed 12032K, reserved 1048576K
Event: 9807.484 GC heap after
Heap after GC invocations=94 (full 16):
 PSYoungGen      total 450048K, used 7119K [0x00000000e0000000, 0x0000000100000000, 0x0000000100000000)
  eden space 376832K, 0% used [0x00000000e0000000,0x00000000e0000000,0x00000000f7000000)
  from space 73216K, 9% used [0x00000000fb500000,0x00000000fbbf3ff0,0x00000000ffc80000)
  to   space 70656K, 0% used [0x00000000f7000000,0x00000000f7000000,0x00000000fb500000)
 ParOldGen       total 400896K, used 168574K [0x00000000a0000000, 0x00000000b8780000, 0x00000000e0000000)
  object space 400896K, 42% used [0x00000000a0000000,0x00000000aa49fa58,0x00000000b8780000)
 Metaspace       used 85222K, capacity 92654K, committed 93184K, reserved 1130496K
  class space    used 10935K, capacity 11860K, committed 12032K, reserved 1048576K
}
Event: 9808.304 GC heap before
{Heap before GC invocations=95 (full 16):
 PSYoungGen      total 450048K, used 119112K [0x00000000e0000000, 0x0000000100000000, 0x0000000100000000)
  eden space 376832K, 29% used [0x00000000e0000000,0x00000000e6d5e248,0x00000000f7000000)
  from space 73216K, 9% used [0x00000000fb500000,0x00000000fbbf3ff0,0x00000000ffc80000)
  to   space 70656K, 0% used [0x00000000f7000000,0x00000000f7000000,0x00000000fb500000)
 ParOldGen       total 400896K, used 168574K [0x00000000a0000000, 0x00000000b8780000, 0x00000000e0000000)
  object space 400896K, 42% used [0x00000000a0000000,0x00000000aa49fa58,0x00000000b8780000)
 Metaspace       used 85231K, capacity 92666K, committed 93184K, reserved 1130496K
  class space    used 10936K, capacity 11862K, committed 12032K, reserved 1048576K
Event: 9808.308 GC heap after
Heap after GC invocations=95 (full 16):
 PSYoungGen      total 447488K, used 192K [0x00000000e0000000, 0x0000000100000000, 0x0000000100000000)
  eden space 376832K, 0% used [0x00000000e0000000,0x00000000e0000000,0x00000000f7000000)
  from space 70656K, 0% used [0x00000000f7000000,0x00000000f7030000,0x00000000fb500000)
  to   space 69120K, 0% used [0x00000000fbc80000,0x00000000fbc80000,0x0000000100000000)
 ParOldGen       total 400896K, used 169476K [0x00000000a0000000, 0x00000000b8780000, 0x00000000e0000000)
  object space 400896K, 42% used [0x00000000a0000000,0x00000000aa5811a0,0x00000000b8780000)
 Metaspace       used 85231K, capacity 92666K, committed 93184K, reserved 1130496K
  class space    used 10936K, capacity 11862K, committed 12032K, reserved 1048576K
}
Event: 9808.308 GC heap before
{Heap before GC invocations=96 (full 17):
 PSYoungGen      total 447488K, used 192K [0x00000000e0000000, 0x0000000100000000, 0x0000000100000000)
  eden space 376832K, 0% used [0x00000000e0000000,0x00000000e0000000,0x00000000f7000000)
  from space 70656K, 0% used [0x00000000f7000000,0x00000000f7030000,0x00000000fb500000)
  to   space 69120K, 0% used [0x00000000fbc80000,0x00000000fbc80000,0x0000000100000000)
 ParOldGen       total 400896K, used 169476K [0x00000000a0000000, 0x00000000b8780000, 0x00000000e0000000)
  object space 400896K, 42% used [0x00000000a0000000,0x00000000aa5811a0,0x00000000b8780000)
 Metaspace       used 85231K, capacity 92666K, committed 93184K, reserved 1130496K
  class space    used 10936K, capacity 11862K, committed 12032K, reserved 1048576K
Event: 9808.983 GC heap after
Heap after GC invocations=96 (full 17):
 PSYoungGen      total 447488K, used 0K [0x00000000e0000000, 0x0000000100000000, 0x0000000100000000)
  eden space 376832K, 0% used [0x00000000e0000000,0x00000000e0000000,0x00000000f7000000)
  from space 70656K, 0% used [0x00000000f7000000,0x00000000f7000000,0x00000000fb500000)
  to   space 69120K, 0% used [0x00000000fbc80000,0x00000000fbc80000,0x0000000100000000)
 ParOldGen       total 400896K, used 166322K [0x00000000a0000000, 0x00000000b8780000, 0x00000000e0000000)
  object space 400896K, 41% used [0x00000000a0000000,0x00000000aa26c940,0x00000000b8780000)
 Metaspace       used 85036K, capacity 92274K, committed 93184K, reserved 1130496K
  class space    used 10884K, capacity 11751K, committed 12032K, reserved 1048576K
}
Event: 10763.167 GC heap before
{Heap before GC invocations=97 (full 17):
 PSYoungGen      total 447488K, used 134284K [0x00000000e0000000, 0x0000000100000000, 0x0000000100000000)
  eden space 376832K, 35% used [0x00000000e0000000,0x00000000e8323158,0x00000000f7000000)
  from space 70656K, 0% used [0x00000000f7000000,0x00000000f7000000,0x00000000fb500000)
  to   space 69120K, 0% used [0x00000000fbc80000,0x00000000fbc80000,0x0000000100000000)
 ParOldGen       total 400896K, used 166322K [0x00000000a0000000, 0x00000000b8780000, 0x00000000e0000000)
  object space 400896K, 41% used [0x00000000a0000000,0x00000000aa26c940,0x00000000b8780000)
 Metaspace       used 85988K, capacity 93528K, committed 94080K, reserved 1130496K
  class space    used 11060K, capacity 11996K, committed 12160K, reserved 1048576K
Event: 10763.179 GC heap after
Heap after GC invocations=97 (full 17):
 PSYoungGen      total 458752K, used 6557K [0x00000000e0000000, 0x0000000100000000, 0x0000000100000000)
  eden space 389632K, 0% used [0x00000000e0000000,0x00000000e0000000,0x00000000f7c80000)
  from space 69120K, 9% used [0x00000000fbc80000,0x00000000fc2e7778,0x0000000100000000)
  to   space 65536K, 0% used [0x00000000f7c80000,0x00000000f7c80000,0x00000000fbc80000)
 ParOldGen       total 400896K, used 166330K [0x00000000a0000000, 0x00000000b8780000, 0x00000000e0000000)
  object space 400896K, 41% used [0x00000000a0000000,0x00000000aa26e940,0x00000000b8780000)
 Metaspace       used 85988K, capacity 93528K, committed 94080K, reserved 1130496K
  class space    used 11060K, capacity 11996K, committed 12160K, reserved 1048576K
}
Event: 10763.180 GC heap before
{Heap before GC invocations=98 (full 18):
 PSYoungGen      total 458752K, used 6557K [0x00000000e0000000, 0x0000000100000000, 0x0000000100000000)
  eden space 389632K, 0% used [0x00000000e0000000,0x00000000e0000000,0x00000000f7c80000)
  from space 69120K, 9% used [0x00000000fbc80000,0x00000000fc2e7778,0x0000000100000000)
  to   space 65536K, 0% used [0x00000000f7c80000,0x00000000f7c80000,0x00000000fbc80000)
 ParOldGen       total 400896K, used 166330K [0x00000000a0000000, 0x00000000b8780000, 0x00000000e0000000)
  object space 400896K, 41% used [0x00000000a0000000,0x00000000aa26e940,0x00000000b8780000)
 Metaspace       used 85988K, capacity 93528K, committed 94080K, reserved 1130496K
  class space    used 11060K, capacity 11996K, committed 12160K, reserved 1048576K
Event: 10763.651 GC heap after
Heap after GC invocations=98 (full 18):
 PSYoungGen      total 458752K, used 0K [0x00000000e0000000, 0x0000000100000000, 0x0000000100000000)
  eden space 389632K, 0% used [0x00000000e0000000,0x00000000e0000000,0x00000000f7c80000)
  from space 69120K, 0% used [0x00000000fbc80000,0x00000000fbc80000,0x0000000100000000)
  to   space 65536K, 0% used [0x00000000f7c80000,0x00000000f7c80000,0x00000000fbc80000)
 ParOldGen       total 400896K, used 101512K [0x00000000a0000000, 0x00000000b8780000, 0x00000000e0000000)
  object space 400896K, 25% used [0x00000000a0000000,0x00000000a6322100,0x00000000b8780000)
 Metaspace       used 83823K, capacity 90824K, committed 94080K, reserved 1130496K
  class space    used 10694K, capacity 11521K, committed 12160K, reserved 1048576K
}

